<?xml version="1.0" encoding="UTF-8"?>
<!-- Generated by org.testng.reporters.JUnitReportReporter -->
<testsuite hostname="QA002OHIO" failures="0" tests="1" name="com.hrsoft.test.compensation.DistributeFundTestSuite" time="24.050" errors="0" timestamp="2023-07-04T15:19:07 UTC" skipped="0">
  <testcase classname="com.hrsoft.test.compensation.DistributeFundTestSuite" name="SM_173_CompensationDistributionFund_holdBackAmounttAndDistAmountCalculation" time="24.050"/>
</testsuite> <!-- com.hrsoft.test.compensation.DistributeFundTestSuite -->
