<?xml version="1.0" encoding="UTF-8"?>
<!-- Generated by org.testng.reporters.JUnitReportReporter -->
<testsuite hostname="QA002OHIO" failures="0" tests="1" name="com.hrsoft.test.compensation.PlanningPageTestSuite" time="51.605" errors="0" timestamp="2023-07-12T16:00:01 UTC" skipped="0">
  <testcase classname="com.hrsoft.test.compensation.PlanningPageTestSuite" name="SM_150_152_CompensationJobRecommendation_VerifyJobRecommendationAndRevertingFunctionality" time="51.605"/>
</testsuite> <!-- com.hrsoft.test.compensation.PlanningPageTestSuite -->
