<?xml version="1.0" encoding="UTF-8"?>
<!-- Generated by org.testng.reporters.JUnitReportReporter -->
<testsuite hostname="DESKTOP-HB86H1M" failures="0" tests="1" name="com.hrsoft.test.common.LoginLogoutTestSuite" time="54.563" errors="0" timestamp="2024-01-17T16:09:14 IST" skipped="0">
  <testcase classname="com.hrsoft.test.common.LoginLogoutTestSuite" name="ST001_ST002_LoginAndLogout" time="54.563"/>
  <system-out/>
</testsuite> <!-- com.hrsoft.test.common.LoginLogoutTestSuite -->
